<?xml version="1.0" encoding="UTF-8"?>
<testsuites name="Test Suite API 1" time="0.791" tests="1" failures="0" errors="0">
   <testsuite name="Test Suite API 1" tests="1" failures="0" errors="0" time="0.791" skipped="0" timestamp="23-01-2024T13:24:47" hostname="nurulainasyuhada - localhost" id="Test Suites/Test Suite API 1">
      <properties>
         <property name="deviceName" value=""/>
         <property name="devicePlatform" value=""/>
         <property name="logFolder" value="/Users/nurulainasyuhada/git/KatalonPractice1/Reports/20240123_132442/Test Suite API 1/20240123_132443"/>
         <property name="logFiles" value="/Users/nurulainasyuhada/git/KatalonPractice1/Reports/20240123_132442/Test Suite API 1/20240123_132443/execution0.log"/>
         <property name="attachments" value=""/>
         <property name="hostName" value="nurulainasyuhada - localhost"/>
         <property name="hostAddress" value="127.0.0.1"/>
         <property name="os" value="Mac OS X 64bit"/>
         <property name="katalonVersion" value="9.2.0.212"/>
      </properties>
      <testcase name="Test Cases/API Testing/Get list of users" time="0.721" classname="Test Cases/API Testing/Get list of users" status="PASSED">
         <system-out><![CDATA[23-01-2024T13:24:47 - [TEST_CASE][PASSED] - Test Cases/API Testing/Get list of users: Test Cases/API Testing/Get list of users

23-01-2024T13:24:47 - [TEST_STEP][PASSED] - response = sendRequest(findTestObject("GET users")): Send request successfully

23-01-2024T13:24:48 - [MESSAGE][INFO] - HAR: /Users/nurulainasyuhada/git/KatalonPractice1/Reports/20240123_132442/Test Suite API 1/20240123_132443/requests/main/0.har

23-01-2024T13:24:48 - [MESSAGE][PASSED] - Send request successfully

23-01-2024T13:24:48 - [TEST_STEP][PASSED] - statuscode = getResponseStatusCode(response): null

23-01-2024T13:24:48 - [TEST_STEP][PASSED] - verifyResponseStatusCode(response, 200): Verify response status code successfully

23-01-2024T13:24:48 - [MESSAGE][PASSED] - Verify response status code successfully]]></system-out>
         <system-err><![CDATA[]]></system-err>
      </testcase>
      <system-out><![CDATA[23-01-2024T13:24:47 - [TEST_SUITE][PASSED] - Test Suite API 1: Test Cases/API Testing/Get list of users]]></system-out>
      <system-err><![CDATA[]]></system-err>
   </testsuite>
</testsuites>
