<?xml version="1.0" encoding="UTF-8"?>
<testsuites name="Test Suite_Login verification" time="23.012" tests="3" failures="0" errors="0">
   <testsuite name="Test Suite_Login verification" tests="3" failures="0" errors="0" time="23.012" skipped="0" timestamp="26-01-2024T12:10:48" hostname="nurulainasyuhada - localhost" id="Test Suites/Test Suite_Login verification">
      <properties>
         <property name="deviceName" value=""/>
         <property name="devicePlatform" value=""/>
         <property name="logFolder" value="/Users/nurulainasyuhada/git/KatalonPractice1/Reports/20240126_121039/Test Suite_Login verification/20240126_121040"/>
         <property name="logFiles" value="/Users/nurulainasyuhada/git/KatalonPractice1/Reports/20240126_121039/Test Suite_Login verification/20240126_121040/execution0.log"/>
         <property name="attachments" value=""/>
         <property name="hostName" value="nurulainasyuhada - localhost"/>
         <property name="os" value="Mac OS X 64bit"/>
         <property name="katalonVersion" value="9.2.0.212"/>
         <property name="browser" value="Chrome 120.0.0.0"/>
         <property name="hostAddress" value="127.0.0.1"/>
         <property name="sessionId" value="3fd1fd8e5300a23d77932f89699cf0af"/>
         <property name="seleniumVersion" value="3.141.59"/>
         <property name="proxyInformation" value="ProxyInformation { proxyOption=NO_PROXY, proxyServerType=HTTP, username=, password=********, proxyServerAddress=, proxyServerPort=0, executionList=&quot;&quot;, isApplyToDesiredCapabilities=true }"/>
         <property name="platform" value="Mac OS X"/>
      </properties>
      <testcase name="Test Cases/Web Testing/Login Successful" time="8.538" classname="Test Cases/Web Testing/Login Successful" status="PASSED">
         <system-out><![CDATA[26-01-2024T12:10:48 - [TEST_CASE][PASSED] - Test Cases/Web Testing/Login Successful: Test Cases/Web Testing/Login Successful

26-01-2024T12:10:49 - [TEST_STEP][PASSED] - openBrowser(""): Browser is opened with url: ''

26-01-2024T12:10:49 - [MESSAGE][INFO] - Starting 'Chrome' driver

26-01-2024T12:10:49 - [MESSAGE][INFO] - Action delay is set to 0 milliseconds

26-01-2024T12:10:50 - [MESSAGE][PASSED] - Browser is opened with url: ''

26-01-2024T12:10:50 - [TEST_STEP][PASSED] - navigateToUrl("https://katalon-demo-cura.herokuapp.com/"): Navigate to 'https://katalon-demo-cura.herokuapp.com/' successfully

26-01-2024T12:10:53 - [MESSAGE][PASSED] - Navigate to 'https://katalon-demo-cura.herokuapp.com/' successfully

26-01-2024T12:10:53 - [TEST_STEP][PASSED] - click(findTestObject("Object Repository/Page_CURA Healthcare Service/a_Make Appointment")): Object: 'Object Repository/Page_CURA Healthcare Service/a_Make Appointment' is clicked on

26-01-2024T12:10:54 - [MESSAGE][PASSED] - Object: 'Object Repository/Page_CURA Healthcare Service/a_Make Appointment' is clicked on

26-01-2024T12:10:54 - [TEST_STEP][PASSED] - setText(findTestObject("Object Repository/Page_CURA Healthcare Service/input_username"), Username): Text 'John Doe' is set on object 'Object Repository/Page_CURA Healthcare Service/input_username'

26-01-2024T12:10:55 - [MESSAGE][PASSED] - Text 'John Doe' is set on object 'Object Repository/Page_CURA Healthcare Service/input_username'

26-01-2024T12:10:55 - [TEST_STEP][PASSED] - setText(findTestObject("Object Repository/Page_CURA Healthcare Service/input_password"), Password): Text 'ThisIsNotAPassword' is set on object 'Object Repository/Page_CURA Healthcare Service/input_password'

26-01-2024T12:10:55 - [MESSAGE][PASSED] - Text 'ThisIsNotAPassword' is set on object 'Object Repository/Page_CURA Healthcare Service/input_password'

26-01-2024T12:10:55 - [TEST_STEP][PASSED] - click(findTestObject("Object Repository/Page_CURA Healthcare Service/button_Login")): Object: 'Object Repository/Page_CURA Healthcare Service/button_Login' is clicked on

26-01-2024T12:10:56 - [MESSAGE][PASSED] - Object: 'Object Repository/Page_CURA Healthcare Service/button_Login' is clicked on

26-01-2024T12:10:56 - [TEST_STEP][PASSED] - verifyElementPresent(findTestObject("Page_CURA Healthcare Service/header_Make Appointment"), 3): Object 'Object Repository/Page_CURA Healthcare Service/header_Make Appointment' is present

26-01-2024T12:10:57 - [MESSAGE][PASSED] - Object 'Object Repository/Page_CURA Healthcare Service/header_Make Appointment' is present

26-01-2024T12:10:57 - [TEST_STEP][PASSED] - verifyElementPresent(findTestObject("Page_CURA Healthcare Service/button_Book Appointment"), 3): Object 'Object Repository/Page_CURA Healthcare Service/button_Book Appointment' is present

26-01-2024T12:10:57 - [MESSAGE][PASSED] - Object 'Object Repository/Page_CURA Healthcare Service/button_Book Appointment' is present

26-01-2024T12:10:57 - [TEST_STEP][PASSED] - closeBrowser(): Browser is closed

26-01-2024T12:10:57 - [MESSAGE][PASSED] - Browser is closed]]></system-out>
         <system-err><![CDATA[]]></system-err>
      </testcase>
      <testcase name="Test Cases/Web Testing/Login Failed" time="7.148" classname="Test Cases/Web Testing/Login Failed" status="PASSED">
         <system-out><![CDATA[26-01-2024T12:10:57 - [TEST_CASE][PASSED] - Test Cases/Web Testing/Login Failed: Test Cases/Web Testing/Login Failed

26-01-2024T12:10:57 - [TEST_STEP][PASSED] - openBrowser(""): Browser is opened with url: ''

26-01-2024T12:10:57 - [MESSAGE][INFO] - Starting 'Chrome' driver

26-01-2024T12:10:57 - [MESSAGE][INFO] - Action delay is set to 0 milliseconds

26-01-2024T12:10:58 - [MESSAGE][PASSED] - Browser is opened with url: ''

26-01-2024T12:10:58 - [TEST_STEP][PASSED] - navigateToUrl("https://katalon-demo-cura.herokuapp.com/"): Navigate to 'https://katalon-demo-cura.herokuapp.com/' successfully

26-01-2024T12:11:00 - [MESSAGE][PASSED] - Navigate to 'https://katalon-demo-cura.herokuapp.com/' successfully

26-01-2024T12:11:00 - [TEST_STEP][PASSED] - click(findTestObject("Object Repository/Page_CURA Healthcare Service/a_Make Appointment")): Object: 'Object Repository/Page_CURA Healthcare Service/a_Make Appointment' is clicked on

26-01-2024T12:11:01 - [MESSAGE][PASSED] - Object: 'Object Repository/Page_CURA Healthcare Service/a_Make Appointment' is clicked on

26-01-2024T12:11:01 - [TEST_STEP][PASSED] - setText(findTestObject("Object Repository/Page_CURA Healthcare Service/input_username"), Username): Text 'Aina' is set on object 'Object Repository/Page_CURA Healthcare Service/input_username'

26-01-2024T12:11:02 - [MESSAGE][PASSED] - Text 'Aina' is set on object 'Object Repository/Page_CURA Healthcare Service/input_username'

26-01-2024T12:11:02 - [TEST_STEP][PASSED] - setText(findTestObject("Object Repository/Page_CURA Healthcare Service/input_password"), Password): Text 'ThisIsAPassword' is set on object 'Object Repository/Page_CURA Healthcare Service/input_password'

26-01-2024T12:11:03 - [MESSAGE][PASSED] - Text 'ThisIsAPassword' is set on object 'Object Repository/Page_CURA Healthcare Service/input_password'

26-01-2024T12:11:03 - [TEST_STEP][PASSED] - click(findTestObject("Object Repository/Page_CURA Healthcare Service/button_Login")): Object: 'Object Repository/Page_CURA Healthcare Service/button_Login' is clicked on

26-01-2024T12:11:04 - [MESSAGE][PASSED] - Object: 'Object Repository/Page_CURA Healthcare Service/button_Login' is clicked on

26-01-2024T12:11:04 - [TEST_STEP][PASSED] - verifyElementText(findTestObject("Object Repository/Page_CURA Healthcare Service/p_Login failed Please ensure the username a_eb55b5"), "Login failed! Please ensure the username and password are valid."): Actual text and expected text of test object 'Object Repository/Page_CURA Healthcare Service/p_Login failed Please ensure the username a_eb55b5' are matched.

26-01-2024T12:11:04 - [MESSAGE][PASSED] - Actual text and expected text of test object 'Object Repository/Page_CURA Healthcare Service/p_Login failed Please ensure the username a_eb55b5' are matched.

26-01-2024T12:11:04 - [TEST_STEP][PASSED] - closeBrowser(): Browser is closed

26-01-2024T12:11:04 - [MESSAGE][PASSED] - Browser is closed]]></system-out>
         <system-err><![CDATA[]]></system-err>
      </testcase>
      <testcase name="Test Cases/Web Testing/Login Failed" time="7.222" classname="Test Cases/Web Testing/Login Failed" status="PASSED">
         <system-out><![CDATA[26-01-2024T12:11:04 - [TEST_CASE][PASSED] - Test Cases/Web Testing/Login Failed: Test Cases/Web Testing/Login Failed

26-01-2024T12:11:04 - [TEST_STEP][PASSED] - openBrowser(""): Browser is opened with url: ''

26-01-2024T12:11:04 - [MESSAGE][INFO] - Starting 'Chrome' driver

26-01-2024T12:11:04 - [MESSAGE][INFO] - Action delay is set to 0 milliseconds

26-01-2024T12:11:05 - [MESSAGE][PASSED] - Browser is opened with url: ''

26-01-2024T12:11:05 - [TEST_STEP][PASSED] - navigateToUrl("https://katalon-demo-cura.herokuapp.com/"): Navigate to 'https://katalon-demo-cura.herokuapp.com/' successfully

26-01-2024T12:11:08 - [MESSAGE][PASSED] - Navigate to 'https://katalon-demo-cura.herokuapp.com/' successfully

26-01-2024T12:11:08 - [TEST_STEP][PASSED] - click(findTestObject("Object Repository/Page_CURA Healthcare Service/a_Make Appointment")): Object: 'Object Repository/Page_CURA Healthcare Service/a_Make Appointment' is clicked on

26-01-2024T12:11:09 - [MESSAGE][PASSED] - Object: 'Object Repository/Page_CURA Healthcare Service/a_Make Appointment' is clicked on

26-01-2024T12:11:09 - [TEST_STEP][PASSED] - setText(findTestObject("Object Repository/Page_CURA Healthcare Service/input_username"), Username): Text 'Admin' is set on object 'Object Repository/Page_CURA Healthcare Service/input_username'

26-01-2024T12:11:09 - [MESSAGE][PASSED] - Text 'Admin' is set on object 'Object Repository/Page_CURA Healthcare Service/input_username'

26-01-2024T12:11:09 - [TEST_STEP][PASSED] - setText(findTestObject("Object Repository/Page_CURA Healthcare Service/input_password"), Password): Text 'Admin1234' is set on object 'Object Repository/Page_CURA Healthcare Service/input_password'

26-01-2024T12:11:10 - [MESSAGE][PASSED] - Text 'Admin1234' is set on object 'Object Repository/Page_CURA Healthcare Service/input_password'

26-01-2024T12:11:10 - [TEST_STEP][PASSED] - click(findTestObject("Object Repository/Page_CURA Healthcare Service/button_Login")): Object: 'Object Repository/Page_CURA Healthcare Service/button_Login' is clicked on

26-01-2024T12:11:11 - [MESSAGE][PASSED] - Object: 'Object Repository/Page_CURA Healthcare Service/button_Login' is clicked on

26-01-2024T12:11:11 - [TEST_STEP][PASSED] - verifyElementText(findTestObject("Object Repository/Page_CURA Healthcare Service/p_Login failed Please ensure the username a_eb55b5"), "Login failed! Please ensure the username and password are valid."): Actual text and expected text of test object 'Object Repository/Page_CURA Healthcare Service/p_Login failed Please ensure the username a_eb55b5' are matched.

26-01-2024T12:11:11 - [MESSAGE][PASSED] - Actual text and expected text of test object 'Object Repository/Page_CURA Healthcare Service/p_Login failed Please ensure the username a_eb55b5' are matched.

26-01-2024T12:11:11 - [TEST_STEP][PASSED] - closeBrowser(): Browser is closed

26-01-2024T12:11:11 - [MESSAGE][PASSED] - Browser is closed]]></system-out>
         <system-err><![CDATA[]]></system-err>
      </testcase>
      <system-out><![CDATA[26-01-2024T12:10:48 - [TEST_SUITE][PASSED] - Test Suite_Login verification: Test Cases/Web Testing/Login Failed]]></system-out>
      <system-err><![CDATA[]]></system-err>
   </testsuite>
</testsuites>
