<?xml version="1.0" encoding="UTF-8"?>
<testsuites name="Test Suite Collection 1" time="63.341" tests="4" failures="0" errors="0">
   <testsuite name="Test Suite_Login verification" tests="3" failures="0" errors="0" time="34.36" skipped="0" timestamp="26-01-2024T12:12:44" hostname="nurulainasyuhada - localhost" id="Test Suites/Test Suite_Login verification">
      <properties>
         <property name="deviceName" value=""/>
         <property name="devicePlatform" value=""/>
         <property name="logFolder" value="/Users/nurulainasyuhada/git/KatalonPractice1/Reports/20240126_121236/Test Suite_Login verification/20240126_121237"/>
         <property name="logFiles" value="/Users/nurulainasyuhada/git/KatalonPractice1/Reports/20240126_121236/Test Suite_Login verification/20240126_121237/execution0.log"/>
         <property name="attachments" value=""/>
         <property name="hostName" value="nurulainasyuhada - localhost"/>
         <property name="os" value="Mac OS X 64bit"/>
         <property name="katalonVersion" value="9.2.0.212"/>
         <property name="browser" value="Chrome 120.0.0.0"/>
         <property name="hostAddress" value="127.0.0.1"/>
         <property name="sessionId" value="87066a8fd8c924a6547bff49525e1ef7"/>
         <property name="seleniumVersion" value="3.141.59"/>
         <property name="proxyInformation" value="ProxyInformation { proxyOption=NO_PROXY, proxyServerType=HTTP, username=, password=********, proxyServerAddress=, proxyServerPort=0, executionList=&quot;&quot;, isApplyToDesiredCapabilities=true }"/>
         <property name="platform" value="Mac OS X"/>
      </properties>
      <testcase name="Test Cases/Web Testing/Login Successful" time="20.347" classname="Test Cases/Web Testing/Login Successful" status="PASSED">
         <system-out><![CDATA[26-01-2024T12:12:44 - [TEST_CASE][PASSED] - Test Cases/Web Testing/Login Successful: Test Cases/Web Testing/Login Successful

26-01-2024T12:12:45 - [TEST_STEP][PASSED] - openBrowser(""): Browser is opened with url: ''

26-01-2024T12:12:45 - [MESSAGE][INFO] - Starting 'Chrome' driver

26-01-2024T12:12:45 - [MESSAGE][INFO] - Action delay is set to 0 milliseconds

26-01-2024T12:12:46 - [MESSAGE][PASSED] - Browser is opened with url: ''

26-01-2024T12:12:46 - [TEST_STEP][PASSED] - navigateToUrl("https://katalon-demo-cura.herokuapp.com/"): Navigate to 'https://katalon-demo-cura.herokuapp.com/' successfully

26-01-2024T12:12:49 - [MESSAGE][PASSED] - Navigate to 'https://katalon-demo-cura.herokuapp.com/' successfully

26-01-2024T12:12:49 - [TEST_STEP][PASSED] - click(findTestObject("Object Repository/Page_CURA Healthcare Service/a_Make Appointment")): Object: 'Object Repository/Page_CURA Healthcare Service/a_Make Appointment' is clicked on

26-01-2024T12:12:51 - [MESSAGE][PASSED] - Object: 'Object Repository/Page_CURA Healthcare Service/a_Make Appointment' is clicked on

26-01-2024T12:12:51 - [TEST_STEP][PASSED] - setText(findTestObject("Object Repository/Page_CURA Healthcare Service/input_username"), Username): Text 'John Doe' is set on object 'Object Repository/Page_CURA Healthcare Service/input_username'

26-01-2024T12:12:55 - [MESSAGE][PASSED] - Text 'John Doe' is set on object 'Object Repository/Page_CURA Healthcare Service/input_username'

26-01-2024T12:12:55 - [TEST_STEP][PASSED] - setText(findTestObject("Object Repository/Page_CURA Healthcare Service/input_password"), Password): Text 'ThisIsNotAPassword' is set on object 'Object Repository/Page_CURA Healthcare Service/input_password'

26-01-2024T12:12:59 - [MESSAGE][PASSED] - Text 'ThisIsNotAPassword' is set on object 'Object Repository/Page_CURA Healthcare Service/input_password'

26-01-2024T12:12:59 - [TEST_STEP][PASSED] - click(findTestObject("Object Repository/Page_CURA Healthcare Service/button_Login")): Object: 'Object Repository/Page_CURA Healthcare Service/button_Login' is clicked on

26-01-2024T12:13:01 - [MESSAGE][PASSED] - Object: 'Object Repository/Page_CURA Healthcare Service/button_Login' is clicked on

26-01-2024T12:13:01 - [TEST_STEP][PASSED] - verifyElementPresent(findTestObject("Page_CURA Healthcare Service/header_Make Appointment"), 3): Object 'Object Repository/Page_CURA Healthcare Service/header_Make Appointment' is present

26-01-2024T12:13:03 - [MESSAGE][PASSED] - Object 'Object Repository/Page_CURA Healthcare Service/header_Make Appointment' is present

26-01-2024T12:13:03 - [TEST_STEP][PASSED] - verifyElementPresent(findTestObject("Page_CURA Healthcare Service/button_Book Appointment"), 3): Object 'Object Repository/Page_CURA Healthcare Service/button_Book Appointment' is present

26-01-2024T12:13:05 - [MESSAGE][PASSED] - Object 'Object Repository/Page_CURA Healthcare Service/button_Book Appointment' is present

26-01-2024T12:13:05 - [TEST_STEP][PASSED] - closeBrowser(): Browser is closed

26-01-2024T12:13:05 - [MESSAGE][PASSED] - Browser is closed]]></system-out>
         <system-err><![CDATA[]]></system-err>
      </testcase>
      <testcase name="Test Cases/Web Testing/Login Failed" time="6.819" classname="Test Cases/Web Testing/Login Failed" status="PASSED">
         <system-out><![CDATA[26-01-2024T12:13:05 - [TEST_CASE][PASSED] - Test Cases/Web Testing/Login Failed: Test Cases/Web Testing/Login Failed

26-01-2024T12:13:05 - [TEST_STEP][PASSED] - openBrowser(""): Browser is opened with url: ''

26-01-2024T12:13:05 - [MESSAGE][INFO] - Starting 'Chrome' driver

26-01-2024T12:13:05 - [MESSAGE][INFO] - Action delay is set to 0 milliseconds

26-01-2024T12:13:05 - [MESSAGE][PASSED] - Browser is opened with url: ''

26-01-2024T12:13:05 - [TEST_STEP][PASSED] - navigateToUrl("https://katalon-demo-cura.herokuapp.com/"): Navigate to 'https://katalon-demo-cura.herokuapp.com/' successfully

26-01-2024T12:13:08 - [MESSAGE][PASSED] - Navigate to 'https://katalon-demo-cura.herokuapp.com/' successfully

26-01-2024T12:13:08 - [TEST_STEP][PASSED] - click(findTestObject("Object Repository/Page_CURA Healthcare Service/a_Make Appointment")): Object: 'Object Repository/Page_CURA Healthcare Service/a_Make Appointment' is clicked on

26-01-2024T12:13:09 - [MESSAGE][PASSED] - Object: 'Object Repository/Page_CURA Healthcare Service/a_Make Appointment' is clicked on

26-01-2024T12:13:09 - [TEST_STEP][PASSED] - setText(findTestObject("Object Repository/Page_CURA Healthcare Service/input_username"), Username): Text 'Aina' is set on object 'Object Repository/Page_CURA Healthcare Service/input_username'

26-01-2024T12:13:10 - [MESSAGE][PASSED] - Text 'Aina' is set on object 'Object Repository/Page_CURA Healthcare Service/input_username'

26-01-2024T12:13:10 - [TEST_STEP][PASSED] - setText(findTestObject("Object Repository/Page_CURA Healthcare Service/input_password"), Password): Text 'ThisIsAPassword' is set on object 'Object Repository/Page_CURA Healthcare Service/input_password'

26-01-2024T12:13:10 - [MESSAGE][PASSED] - Text 'ThisIsAPassword' is set on object 'Object Repository/Page_CURA Healthcare Service/input_password'

26-01-2024T12:13:10 - [TEST_STEP][PASSED] - click(findTestObject("Object Repository/Page_CURA Healthcare Service/button_Login")): Object: 'Object Repository/Page_CURA Healthcare Service/button_Login' is clicked on

26-01-2024T12:13:11 - [MESSAGE][PASSED] - Object: 'Object Repository/Page_CURA Healthcare Service/button_Login' is clicked on

26-01-2024T12:13:11 - [TEST_STEP][PASSED] - verifyElementText(findTestObject("Object Repository/Page_CURA Healthcare Service/p_Login failed Please ensure the username a_eb55b5"), "Login failed! Please ensure the username and password are valid."): Actual text and expected text of test object 'Object Repository/Page_CURA Healthcare Service/p_Login failed Please ensure the username a_eb55b5' are matched.

26-01-2024T12:13:12 - [MESSAGE][PASSED] - Actual text and expected text of test object 'Object Repository/Page_CURA Healthcare Service/p_Login failed Please ensure the username a_eb55b5' are matched.

26-01-2024T12:13:12 - [TEST_STEP][PASSED] - closeBrowser(): Browser is closed

26-01-2024T12:13:12 - [MESSAGE][PASSED] - Browser is closed]]></system-out>
         <system-err><![CDATA[]]></system-err>
      </testcase>
      <testcase name="Test Cases/Web Testing/Login Failed" time="7.092" classname="Test Cases/Web Testing/Login Failed" status="PASSED">
         <system-out><![CDATA[26-01-2024T12:13:12 - [TEST_CASE][PASSED] - Test Cases/Web Testing/Login Failed: Test Cases/Web Testing/Login Failed

26-01-2024T12:13:12 - [TEST_STEP][PASSED] - openBrowser(""): Browser is opened with url: ''

26-01-2024T12:13:12 - [MESSAGE][INFO] - Starting 'Chrome' driver

26-01-2024T12:13:12 - [MESSAGE][INFO] - Action delay is set to 0 milliseconds

26-01-2024T12:13:12 - [MESSAGE][PASSED] - Browser is opened with url: ''

26-01-2024T12:13:12 - [TEST_STEP][PASSED] - navigateToUrl("https://katalon-demo-cura.herokuapp.com/"): Navigate to 'https://katalon-demo-cura.herokuapp.com/' successfully

26-01-2024T12:13:15 - [MESSAGE][PASSED] - Navigate to 'https://katalon-demo-cura.herokuapp.com/' successfully

26-01-2024T12:13:15 - [TEST_STEP][PASSED] - click(findTestObject("Object Repository/Page_CURA Healthcare Service/a_Make Appointment")): Object: 'Object Repository/Page_CURA Healthcare Service/a_Make Appointment' is clicked on

26-01-2024T12:13:16 - [MESSAGE][PASSED] - Object: 'Object Repository/Page_CURA Healthcare Service/a_Make Appointment' is clicked on

26-01-2024T12:13:16 - [TEST_STEP][PASSED] - setText(findTestObject("Object Repository/Page_CURA Healthcare Service/input_username"), Username): Text 'Admin' is set on object 'Object Repository/Page_CURA Healthcare Service/input_username'

26-01-2024T12:13:17 - [MESSAGE][PASSED] - Text 'Admin' is set on object 'Object Repository/Page_CURA Healthcare Service/input_username'

26-01-2024T12:13:17 - [TEST_STEP][PASSED] - setText(findTestObject("Object Repository/Page_CURA Healthcare Service/input_password"), Password): Text 'Admin1234' is set on object 'Object Repository/Page_CURA Healthcare Service/input_password'

26-01-2024T12:13:17 - [MESSAGE][PASSED] - Text 'Admin1234' is set on object 'Object Repository/Page_CURA Healthcare Service/input_password'

26-01-2024T12:13:17 - [TEST_STEP][PASSED] - click(findTestObject("Object Repository/Page_CURA Healthcare Service/button_Login")): Object: 'Object Repository/Page_CURA Healthcare Service/button_Login' is clicked on

26-01-2024T12:13:18 - [MESSAGE][PASSED] - Object: 'Object Repository/Page_CURA Healthcare Service/button_Login' is clicked on

26-01-2024T12:13:18 - [TEST_STEP][PASSED] - verifyElementText(findTestObject("Object Repository/Page_CURA Healthcare Service/p_Login failed Please ensure the username a_eb55b5"), "Login failed! Please ensure the username and password are valid."): Actual text and expected text of test object 'Object Repository/Page_CURA Healthcare Service/p_Login failed Please ensure the username a_eb55b5' are matched.

26-01-2024T12:13:19 - [MESSAGE][PASSED] - Actual text and expected text of test object 'Object Repository/Page_CURA Healthcare Service/p_Login failed Please ensure the username a_eb55b5' are matched.

26-01-2024T12:13:19 - [TEST_STEP][PASSED] - closeBrowser(): Browser is closed

26-01-2024T12:13:19 - [MESSAGE][PASSED] - Browser is closed]]></system-out>
         <system-err><![CDATA[]]></system-err>
      </testcase>
      <system-out><![CDATA[26-01-2024T12:12:44 - [TEST_SUITE][PASSED] - Test Suite_Login verification: Test Cases/Web Testing/Login Failed]]></system-out>
      <system-err><![CDATA[]]></system-err>
   </testsuite>
   <testsuite name="Test Suite 1" tests="1" failures="0" errors="0" time="11.33" skipped="0" timestamp="26-01-2024T12:13:29" hostname="nurulainasyuhada - localhost" id="Test Suites/Test Suite 1">
      <properties>
         <property name="deviceName" value=""/>
         <property name="devicePlatform" value=""/>
         <property name="logFolder" value="/Users/nurulainasyuhada/git/KatalonPractice1/Reports/20240126_121236/Test Suite 1/20240126_121239"/>
         <property name="logFiles" value="/Users/nurulainasyuhada/git/KatalonPractice1/Reports/20240126_121236/Test Suite 1/20240126_121239/execution0.log"/>
         <property name="attachments" value=""/>
         <property name="hostName" value="nurulainasyuhada - localhost"/>
         <property name="os" value="Mac OS X 64bit"/>
         <property name="katalonVersion" value="9.2.0.212"/>
         <property name="browser" value="Chrome 120.0.0.0"/>
         <property name="hostAddress" value="127.0.0.1"/>
         <property name="sessionId" value="c38940346487974efde41f2d0497812a"/>
         <property name="seleniumVersion" value="3.141.59"/>
         <property name="proxyInformation" value="ProxyInformation { proxyOption=NO_PROXY, proxyServerType=HTTP, username=, password=********, proxyServerAddress=, proxyServerPort=0, executionList=&quot;&quot;, isApplyToDesiredCapabilities=true }"/>
         <property name="platform" value="Mac OS X"/>
      </properties>
      <testcase name="Test Cases/Web Testing/Reused Test Cases/Book Appointment" time="11.267" classname="Test Cases/Web Testing/Reused Test Cases/Book Appointment" status="PASSED">
         <system-out><![CDATA[26-01-2024T12:13:30 - [TEST_CASE][PASSED] - Test Cases/Web Testing/Reused Test Cases/Book Appointment: Test Cases/Web Testing/Reused Test Cases/Book Appointment

26-01-2024T12:13:30 - [TEST_STEP][PASSED] - callTestCase(findTestCase("Web Testing/Reused Test Cases/Login"), [:], STOP_ON_FAILURE): Call Test Case 'Test Cases/Web Testing/Reused Test Cases/Login' successfully

26-01-2024T12:13:30 - [TEST_CASE][PASSED] - Test Cases/Web Testing/Reused Test Cases/Login: Test Cases/Web Testing/Reused Test Cases/Login

26-01-2024T12:13:30 - [TEST_STEP][PASSED] - openBrowser(""): Browser is opened with url: ''

26-01-2024T12:13:30 - [MESSAGE][INFO] - Starting 'Chrome' driver

26-01-2024T12:13:30 - [MESSAGE][INFO] - Action delay is set to 0 milliseconds

26-01-2024T12:13:31 - [MESSAGE][PASSED] - Browser is opened with url: ''

26-01-2024T12:13:31 - [TEST_STEP][PASSED] - navigateToUrl("https://katalon-demo-cura.herokuapp.com/"): Navigate to 'https://katalon-demo-cura.herokuapp.com/' successfully

26-01-2024T12:13:34 - [MESSAGE][PASSED] - Navigate to 'https://katalon-demo-cura.herokuapp.com/' successfully

26-01-2024T12:13:34 - [TEST_STEP][PASSED] - click(findTestObject("Object Repository/Page_CURA Healthcare Service/a_Make Appointment")): Object: 'Object Repository/Page_CURA Healthcare Service/a_Make Appointment' is clicked on

26-01-2024T12:13:35 - [MESSAGE][PASSED] - Object: 'Object Repository/Page_CURA Healthcare Service/a_Make Appointment' is clicked on

26-01-2024T12:13:35 - [TEST_STEP][PASSED] - setText(findTestObject("Object Repository/Page_CURA Healthcare Service/input_username"), Username): Text 'John Doe' is set on object 'Object Repository/Page_CURA Healthcare Service/input_username'

26-01-2024T12:13:35 - [MESSAGE][PASSED] - Text 'John Doe' is set on object 'Object Repository/Page_CURA Healthcare Service/input_username'

26-01-2024T12:13:35 - [TEST_STEP][PASSED] - setText(findTestObject("Object Repository/Page_CURA Healthcare Service/input_password"), Password): Text 'ThisIsNotAPassword' is set on object 'Object Repository/Page_CURA Healthcare Service/input_password'

26-01-2024T12:13:36 - [MESSAGE][PASSED] - Text 'ThisIsNotAPassword' is set on object 'Object Repository/Page_CURA Healthcare Service/input_password'

26-01-2024T12:13:36 - [TEST_STEP][PASSED] - click(findTestObject("Object Repository/Page_CURA Healthcare Service/button_Login")): Object: 'Object Repository/Page_CURA Healthcare Service/button_Login' is clicked on

26-01-2024T12:13:37 - [MESSAGE][PASSED] - Object: 'Object Repository/Page_CURA Healthcare Service/button_Login' is clicked on

26-01-2024T12:13:37 - [MESSAGE][PASSED] - Call Test Case 'Test Cases/Web Testing/Reused Test Cases/Login' successfully

26-01-2024T12:13:37 - [TEST_STEP][PASSED] - selectOptionByValue(findTestObject("Object Repository/Page_CURA Healthcare Service/select_Tokyo CURA Healthcare Center        _5b4107"), "Seoul CURA Healthcare Center", true): All options with value 'Seoul CURA Healthcare Center' are selected in object 'Object Repository/Page_CURA Healthcare Service/select_Tokyo CURA Healthcare Center        _5b4107'  using regular expression

26-01-2024T12:13:38 - [MESSAGE][PASSED] - All options with value 'Seoul CURA Healthcare Center' are selected in object 'Object Repository/Page_CURA Healthcare Service/select_Tokyo CURA Healthcare Center        _5b4107'  using regular expression

26-01-2024T12:13:38 - [TEST_STEP][PASSED] - click(findTestObject("Object Repository/Page_CURA Healthcare Service/input_programs")): Object: 'Object Repository/Page_CURA Healthcare Service/input_programs' is clicked on

26-01-2024T12:13:38 - [MESSAGE][PASSED] - Object: 'Object Repository/Page_CURA Healthcare Service/input_programs' is clicked on

26-01-2024T12:13:38 - [TEST_STEP][PASSED] - click(findTestObject("Object Repository/Page_CURA Healthcare Service/input_visit_date")): Object: 'Object Repository/Page_CURA Healthcare Service/input_visit_date' is clicked on

26-01-2024T12:13:38 - [MESSAGE][PASSED] - Object: 'Object Repository/Page_CURA Healthcare Service/input_visit_date' is clicked on

26-01-2024T12:13:38 - [TEST_STEP][PASSED] - click(findTestObject("Object Repository/Page_CURA Healthcare Service/td_31")): Object: 'Object Repository/Page_CURA Healthcare Service/td_31' is clicked on

26-01-2024T12:13:39 - [MESSAGE][PASSED] - Object: 'Object Repository/Page_CURA Healthcare Service/td_31' is clicked on

26-01-2024T12:13:39 - [TEST_STEP][PASSED] - setText(findTestObject("Object Repository/Page_CURA Healthcare Service/textarea_comment"), "No comment"): Text 'No comment' is set on object 'Object Repository/Page_CURA Healthcare Service/textarea_comment'

26-01-2024T12:13:40 - [MESSAGE][PASSED] - Text 'No comment' is set on object 'Object Repository/Page_CURA Healthcare Service/textarea_comment'

26-01-2024T12:13:40 - [TEST_STEP][PASSED] - click(findTestObject("Object Repository/Page_CURA Healthcare Service/button_Book Appointment")): Object: 'Object Repository/Page_CURA Healthcare Service/button_Book Appointment' is clicked on

26-01-2024T12:13:40 - [MESSAGE][PASSED] - Object: 'Object Repository/Page_CURA Healthcare Service/button_Book Appointment' is clicked on

26-01-2024T12:13:40 - [TEST_STEP][PASSED] - navigateToUrl("https://katalon-demo-cura.herokuapp.com/appointment.php#summary"): Navigate to 'https://katalon-demo-cura.herokuapp.com/appointment.php#summary' successfully

26-01-2024T12:13:40 - [MESSAGE][PASSED] - Navigate to 'https://katalon-demo-cura.herokuapp.com/appointment.php#summary' successfully

26-01-2024T12:13:40 - [TEST_STEP][PASSED] - verifyElementText(findTestObject("Object Repository/Page_CURA Healthcare Service/h2_Appointment Confirmation"), "Appointment Confirmation"): Actual text and expected text of test object 'Object Repository/Page_CURA Healthcare Service/h2_Appointment Confirmation' are matched.

26-01-2024T12:13:41 - [MESSAGE][PASSED] - Actual text and expected text of test object 'Object Repository/Page_CURA Healthcare Service/h2_Appointment Confirmation' are matched.]]></system-out>
         <system-err><![CDATA[]]></system-err>
      </testcase>
      <system-out><![CDATA[26-01-2024T12:13:29 - [TEST_SUITE][PASSED] - Test Suite 1: Test Cases/Web Testing/Reused Test Cases/Book Appointment]]></system-out>
      <system-err><![CDATA[]]></system-err>
   </testsuite>
</testsuites>
