<?xml version="1.0" encoding="UTF-8"?>
<testsuites name="Test Suite 2" time="27.193" tests="3" failures="0" errors="0">
   <testsuite name="Test Suite 2" tests="3" failures="0" errors="0" time="27.193" skipped="0" timestamp="23-01-2024T16:08:47" hostname="nurulainasyuhada - localhost" id="Test Suites/Test Suite 2">
      <properties>
         <property name="deviceName" value=""/>
         <property name="devicePlatform" value=""/>
         <property name="logFolder" value="/Users/nurulainasyuhada/git/KatalonPractice1/Reports/20240123_160843/Test Suite 2/20240123_160843"/>
         <property name="logFiles" value="/Users/nurulainasyuhada/git/KatalonPractice1/Reports/20240123_160843/Test Suite 2/20240123_160843/execution0.log"/>
         <property name="attachments" value=""/>
         <property name="hostName" value="nurulainasyuhada - localhost"/>
         <property name="os" value="Mac OS X 64bit"/>
         <property name="katalonVersion" value="9.2.0.212"/>
         <property name="browser" value="Chrome 120.0.0.0"/>
         <property name="hostAddress" value="127.0.0.1"/>
         <property name="sessionId" value="7f996416a4e9427fa160bcc6f98ca6b0"/>
         <property name="seleniumVersion" value="3.141.59"/>
         <property name="proxyInformation" value="ProxyInformation { proxyOption=NO_PROXY, proxyServerType=HTTP, username=, password=********, proxyServerAddress=, proxyServerPort=0, executionList=&quot;&quot;, isApplyToDesiredCapabilities=true }"/>
         <property name="platform" value="Mac OS X"/>
      </properties>
      <testcase name="Test Cases/Web Testing/Login Failed_wrong password" time="8.372" classname="Test Cases/Web Testing/Login Failed_wrong password" status="PASSED">
         <system-out><![CDATA[23-01-2024T16:08:48 - [TEST_CASE][PASSED] - Test Cases/Web Testing/Login Failed_wrong password: Test Cases/Web Testing/Login Failed_wrong password

23-01-2024T16:08:48 - [TEST_STEP][PASSED] - openBrowser(""): Browser is opened with url: ''

23-01-2024T16:08:48 - [MESSAGE][INFO] - Starting 'Chrome' driver

23-01-2024T16:08:48 - [MESSAGE][INFO] - Action delay is set to 0 milliseconds

23-01-2024T16:08:50 - [MESSAGE][PASSED] - Browser is opened with url: ''

23-01-2024T16:08:50 - [TEST_STEP][PASSED] - navigateToUrl("https://katalon-demo-cura.herokuapp.com/"): Navigate to 'https://katalon-demo-cura.herokuapp.com/' successfully

23-01-2024T16:08:53 - [MESSAGE][PASSED] - Navigate to 'https://katalon-demo-cura.herokuapp.com/' successfully

23-01-2024T16:08:53 - [TEST_STEP][PASSED] - click(findTestObject("Object Repository/Page_CURA Healthcare Service/a_Make Appointment")): Object: 'Object Repository/Page_CURA Healthcare Service/a_Make Appointment' is clicked on

23-01-2024T16:08:53 - [MESSAGE][PASSED] - Object: 'Object Repository/Page_CURA Healthcare Service/a_Make Appointment' is clicked on

23-01-2024T16:08:53 - [TEST_STEP][PASSED] - setText(findTestObject("Object Repository/Page_CURA Healthcare Service/input_username"), "Aina"): Text 'Aina' is set on object 'Object Repository/Page_CURA Healthcare Service/input_username'

23-01-2024T16:08:54 - [MESSAGE][PASSED] - Text 'Aina' is set on object 'Object Repository/Page_CURA Healthcare Service/input_username'

23-01-2024T16:08:54 - [TEST_STEP][PASSED] - setEncryptedText(findTestObject("Object Repository/Page_CURA Healthcare Service/input_password"), "g3/DOGG74jC3Flrr3yH+3D/yKbOqqUNM"): Text ****** has been set on object 'Object Repository/Page_CURA Healthcare Service/input_password'

23-01-2024T16:08:54 - [MESSAGE][PASSED] - Text ****** has been set on object 'Object Repository/Page_CURA Healthcare Service/input_password'

23-01-2024T16:08:54 - [TEST_STEP][PASSED] - click(findTestObject("Object Repository/Page_CURA Healthcare Service/button_Login")): Object: 'Object Repository/Page_CURA Healthcare Service/button_Login' is clicked on

23-01-2024T16:08:55 - [MESSAGE][PASSED] - Object: 'Object Repository/Page_CURA Healthcare Service/button_Login' is clicked on

23-01-2024T16:08:55 - [TEST_STEP][PASSED] - navigateToUrl("https://katalon-demo-cura.herokuapp.com/profile.php#login"): Navigate to 'https://katalon-demo-cura.herokuapp.com/profile.php#login' successfully

23-01-2024T16:08:55 - [MESSAGE][PASSED] - Navigate to 'https://katalon-demo-cura.herokuapp.com/profile.php#login' successfully

23-01-2024T16:08:55 - [TEST_STEP][PASSED] - verifyElementText(findTestObject("Object Repository/Page_CURA Healthcare Service/p_Login failed Please ensure the username a_eb55b5"), "Login failed! Please ensure the username and password are valid."): Actual text and expected text of test object 'Object Repository/Page_CURA Healthcare Service/p_Login failed Please ensure the username a_eb55b5' are matched.

23-01-2024T16:08:56 - [MESSAGE][PASSED] - Actual text and expected text of test object 'Object Repository/Page_CURA Healthcare Service/p_Login failed Please ensure the username a_eb55b5' are matched.

23-01-2024T16:08:56 - [TEST_STEP][PASSED] - closeBrowser(): Browser is closed

23-01-2024T16:08:56 - [MESSAGE][PASSED] - Browser is closed]]></system-out>
         <system-err><![CDATA[]]></system-err>
      </testcase>
      <testcase name="Test Cases/Web Testing/Login Failed_wrong username" time="12.135" classname="Test Cases/Web Testing/Login Failed_wrong username" status="PASSED">
         <system-out><![CDATA[23-01-2024T16:08:56 - [TEST_CASE][PASSED] - Test Cases/Web Testing/Login Failed_wrong username: Test Cases/Web Testing/Login Failed_wrong username

23-01-2024T16:08:56 - [TEST_STEP][PASSED] - openBrowser(""): Browser is opened with url: ''

23-01-2024T16:08:56 - [MESSAGE][INFO] - Starting 'Chrome' driver

23-01-2024T16:08:56 - [MESSAGE][INFO] - Action delay is set to 0 milliseconds

23-01-2024T16:08:57 - [MESSAGE][PASSED] - Browser is opened with url: ''

23-01-2024T16:08:57 - [TEST_STEP][PASSED] - navigateToUrl("https://katalon-demo-cura.herokuapp.com/"): Navigate to 'https://katalon-demo-cura.herokuapp.com/' successfully

23-01-2024T16:09:04 - [MESSAGE][PASSED] - Navigate to 'https://katalon-demo-cura.herokuapp.com/' successfully

23-01-2024T16:09:04 - [TEST_STEP][PASSED] - click(findTestObject("Object Repository/Page_CURA Healthcare Service/a_Make Appointment")): Object: 'Object Repository/Page_CURA Healthcare Service/a_Make Appointment' is clicked on

23-01-2024T16:09:05 - [MESSAGE][PASSED] - Object: 'Object Repository/Page_CURA Healthcare Service/a_Make Appointment' is clicked on

23-01-2024T16:09:05 - [TEST_STEP][PASSED] - setText(findTestObject("Object Repository/Page_CURA Healthcare Service/input_username"), "John Doe"): Text 'John Doe' is set on object 'Object Repository/Page_CURA Healthcare Service/input_username'

23-01-2024T16:09:06 - [MESSAGE][PASSED] - Text 'John Doe' is set on object 'Object Repository/Page_CURA Healthcare Service/input_username'

23-01-2024T16:09:06 - [TEST_STEP][PASSED] - setEncryptedText(findTestObject("Object Repository/Page_CURA Healthcare Service/input_password"), "xawWuIhk6euDdSRB4g3g9JgSfZV8wcdE"): Text ****** has been set on object 'Object Repository/Page_CURA Healthcare Service/input_password'

23-01-2024T16:09:06 - [MESSAGE][PASSED] - Text ****** has been set on object 'Object Repository/Page_CURA Healthcare Service/input_password'

23-01-2024T16:09:06 - [TEST_STEP][PASSED] - click(findTestObject("Object Repository/Page_CURA Healthcare Service/button_Login")): Object: 'Object Repository/Page_CURA Healthcare Service/button_Login' is clicked on

23-01-2024T16:09:07 - [MESSAGE][PASSED] - Object: 'Object Repository/Page_CURA Healthcare Service/button_Login' is clicked on

23-01-2024T16:09:07 - [TEST_STEP][PASSED] - navigateToUrl("https://katalon-demo-cura.herokuapp.com/profile.php#login"): Navigate to 'https://katalon-demo-cura.herokuapp.com/profile.php#login' successfully

23-01-2024T16:09:07 - [MESSAGE][PASSED] - Navigate to 'https://katalon-demo-cura.herokuapp.com/profile.php#login' successfully

23-01-2024T16:09:07 - [TEST_STEP][PASSED] - verifyElementText(findTestObject("Object Repository/Page_CURA Healthcare Service/p_Login failed Please ensure the username a_eb55b5"), "Login failed! Please ensure the username and password are valid."): Actual text and expected text of test object 'Object Repository/Page_CURA Healthcare Service/p_Login failed Please ensure the username a_eb55b5' are matched.

23-01-2024T16:09:08 - [MESSAGE][PASSED] - Actual text and expected text of test object 'Object Repository/Page_CURA Healthcare Service/p_Login failed Please ensure the username a_eb55b5' are matched.

23-01-2024T16:09:08 - [TEST_STEP][PASSED] - closeBrowser(): Browser is closed

23-01-2024T16:09:08 - [MESSAGE][PASSED] - Browser is closed]]></system-out>
         <system-err><![CDATA[]]></system-err>
      </testcase>
      <testcase name="Test Cases/Web Testing/Login" time="6.618" classname="Test Cases/Web Testing/Login" status="PASSED">
         <system-out><![CDATA[23-01-2024T16:09:08 - [TEST_CASE][PASSED] - Test Cases/Web Testing/Login: Test Cases/Web Testing/Login

23-01-2024T16:09:08 - [TEST_STEP][PASSED] - openBrowser(""): Browser is opened with url: ''

23-01-2024T16:09:08 - [MESSAGE][INFO] - Starting 'Chrome' driver

23-01-2024T16:09:08 - [MESSAGE][INFO] - Action delay is set to 0 milliseconds

23-01-2024T16:09:09 - [MESSAGE][PASSED] - Browser is opened with url: ''

23-01-2024T16:09:09 - [TEST_STEP][PASSED] - navigateToUrl("https://katalon-demo-cura.herokuapp.com/"): Navigate to 'https://katalon-demo-cura.herokuapp.com/' successfully

23-01-2024T16:09:11 - [MESSAGE][PASSED] - Navigate to 'https://katalon-demo-cura.herokuapp.com/' successfully

23-01-2024T16:09:11 - [TEST_STEP][PASSED] - click(findTestObject("Object Repository/Page_CURA Healthcare Service/a_Make Appointment")): Object: 'Object Repository/Page_CURA Healthcare Service/a_Make Appointment' is clicked on

23-01-2024T16:09:12 - [MESSAGE][PASSED] - Object: 'Object Repository/Page_CURA Healthcare Service/a_Make Appointment' is clicked on

23-01-2024T16:09:12 - [TEST_STEP][PASSED] - setText(findTestObject("Object Repository/Page_CURA Healthcare Service/input_username"), "John Doe"): Text 'John Doe' is set on object 'Object Repository/Page_CURA Healthcare Service/input_username'

23-01-2024T16:09:13 - [MESSAGE][PASSED] - Text 'John Doe' is set on object 'Object Repository/Page_CURA Healthcare Service/input_username'

23-01-2024T16:09:13 - [TEST_STEP][PASSED] - setEncryptedText(findTestObject("Object Repository/Page_CURA Healthcare Service/input_password"), "g3/DOGG74jC3Flrr3yH+3D/yKbOqqUNM"): Text ****** has been set on object 'Object Repository/Page_CURA Healthcare Service/input_password'

23-01-2024T16:09:13 - [MESSAGE][PASSED] - Text ****** has been set on object 'Object Repository/Page_CURA Healthcare Service/input_password'

23-01-2024T16:09:13 - [TEST_STEP][PASSED] - click(findTestObject("Object Repository/Page_CURA Healthcare Service/button_Login")): Object: 'Object Repository/Page_CURA Healthcare Service/button_Login' is clicked on

23-01-2024T16:09:14 - [MESSAGE][PASSED] - Object: 'Object Repository/Page_CURA Healthcare Service/button_Login' is clicked on

23-01-2024T16:09:14 - [TEST_STEP][PASSED] - verifyElementVisible(findTestObject("Page_CURA Healthcare Service/button_Book Appointment")): Object 'Object Repository/Page_CURA Healthcare Service/button_Book Appointment' is visible

23-01-2024T16:09:15 - [MESSAGE][PASSED] - Object 'Object Repository/Page_CURA Healthcare Service/button_Book Appointment' is visible]]></system-out>
         <system-err><![CDATA[]]></system-err>
      </testcase>
      <system-out><![CDATA[23-01-2024T16:08:47 - [TEST_SUITE][PASSED] - Test Suite 2: Test Cases/Web Testing/Login]]></system-out>
      <system-err><![CDATA[]]></system-err>
   </testsuite>
</testsuites>
