<?xml version="1.0" encoding="UTF-8"?>
<testsuites name="Test Suite_Login verification" time="37.593" tests="3" failures="0" errors="0">
   <testsuite name="Test Suite_Login verification" tests="3" failures="0" errors="0" time="37.593" skipped="0" timestamp="24-01-2024T16:09:23" hostname="nurulainasyuhada - 172.20.10.2" id="Test Suites/Test Suite_Login verification">
      <properties>
         <property name="deviceName" value=""/>
         <property name="devicePlatform" value=""/>
         <property name="logFolder" value="/Users/nurulainasyuhada/git/KatalonPractice1/Reports/20240124_160915/Test Suite_Login verification/20240124_160915"/>
         <property name="logFiles" value="/Users/nurulainasyuhada/git/KatalonPractice1/Reports/20240124_160915/Test Suite_Login verification/20240124_160915/execution0.log"/>
         <property name="attachments" value=""/>
         <property name="hostName" value="nurulainasyuhada - 172.20.10.2"/>
         <property name="os" value="Mac OS X 64bit"/>
         <property name="katalonVersion" value="9.2.0.212"/>
         <property name="browser" value="Chrome 120.0.0.0"/>
         <property name="hostAddress" value="172.20.10.2"/>
         <property name="sessionId" value="1aa39866fbf6088e8b5278c470ee1514"/>
         <property name="seleniumVersion" value="3.141.59"/>
         <property name="proxyInformation" value="ProxyInformation { proxyOption=NO_PROXY, proxyServerType=HTTP, username=, password=********, proxyServerAddress=, proxyServerPort=0, executionList=&quot;&quot;, isApplyToDesiredCapabilities=true }"/>
         <property name="platform" value="Mac OS X"/>
      </properties>
      <testcase name="Test Cases/Web Testing/Login Successful" time="9.066" classname="Test Cases/Web Testing/Login Successful" status="PASSED">
         <system-out><![CDATA[24-01-2024T16:09:23 - [TEST_CASE][PASSED] - Test Cases/Web Testing/Login Successful: Test Cases/Web Testing/Login Successful

24-01-2024T16:09:23 - [TEST_STEP][PASSED] - openBrowser(""): Browser is opened with url: ''

24-01-2024T16:09:23 - [MESSAGE][INFO] - Starting 'Chrome' driver

24-01-2024T16:09:23 - [MESSAGE][INFO] - Action delay is set to 0 milliseconds

24-01-2024T16:09:25 - [MESSAGE][PASSED] - Browser is opened with url: ''

24-01-2024T16:09:25 - [TEST_STEP][PASSED] - navigateToUrl("https://katalon-demo-cura.herokuapp.com/"): Navigate to 'https://katalon-demo-cura.herokuapp.com/' successfully

24-01-2024T16:09:28 - [MESSAGE][PASSED] - Navigate to 'https://katalon-demo-cura.herokuapp.com/' successfully

24-01-2024T16:09:28 - [TEST_STEP][PASSED] - click(findTestObject("Object Repository/Page_CURA Healthcare Service/a_Make Appointment")): Object: 'Object Repository/Page_CURA Healthcare Service/a_Make Appointment' is clicked on

24-01-2024T16:09:29 - [MESSAGE][PASSED] - Object: 'Object Repository/Page_CURA Healthcare Service/a_Make Appointment' is clicked on

24-01-2024T16:09:29 - [TEST_STEP][PASSED] - setText(findTestObject("Object Repository/Page_CURA Healthcare Service/input_username"), Username): Text 'John Doe' is set on object 'Object Repository/Page_CURA Healthcare Service/input_username'

24-01-2024T16:09:30 - [MESSAGE][PASSED] - Text 'John Doe' is set on object 'Object Repository/Page_CURA Healthcare Service/input_username'

24-01-2024T16:09:30 - [TEST_STEP][PASSED] - setText(findTestObject("Object Repository/Page_CURA Healthcare Service/input_password"), Password): Text 'ThisIsNotAPassword' is set on object 'Object Repository/Page_CURA Healthcare Service/input_password'

24-01-2024T16:09:31 - [MESSAGE][PASSED] - Text 'ThisIsNotAPassword' is set on object 'Object Repository/Page_CURA Healthcare Service/input_password'

24-01-2024T16:09:31 - [TEST_STEP][PASSED] - click(findTestObject("Object Repository/Page_CURA Healthcare Service/button_Login")): Object: 'Object Repository/Page_CURA Healthcare Service/button_Login' is clicked on

24-01-2024T16:09:31 - [MESSAGE][PASSED] - Object: 'Object Repository/Page_CURA Healthcare Service/button_Login' is clicked on

24-01-2024T16:09:31 - [TEST_STEP][PASSED] - verifyElementPresent(findTestObject("Page_CURA Healthcare Service/header_Make Appointment"), 3): Object 'Object Repository/Page_CURA Healthcare Service/header_Make Appointment' is present

24-01-2024T16:09:32 - [MESSAGE][PASSED] - Object 'Object Repository/Page_CURA Healthcare Service/header_Make Appointment' is present

24-01-2024T16:09:32 - [TEST_STEP][PASSED] - verifyElementPresent(findTestObject("Page_CURA Healthcare Service/button_Book Appointment"), 3): Object 'Object Repository/Page_CURA Healthcare Service/button_Book Appointment' is present

24-01-2024T16:09:32 - [MESSAGE][PASSED] - Object 'Object Repository/Page_CURA Healthcare Service/button_Book Appointment' is present

24-01-2024T16:09:32 - [TEST_STEP][PASSED] - closeBrowser(): Browser is closed

24-01-2024T16:09:32 - [MESSAGE][PASSED] - Browser is closed]]></system-out>
         <system-err><![CDATA[]]></system-err>
      </testcase>
      <testcase name="Test Cases/Web Testing/Login Failed" time="11.235" classname="Test Cases/Web Testing/Login Failed" status="PASSED">
         <system-out><![CDATA[24-01-2024T16:09:32 - [TEST_CASE][PASSED] - Test Cases/Web Testing/Login Failed: Test Cases/Web Testing/Login Failed

24-01-2024T16:09:32 - [TEST_STEP][PASSED] - openBrowser(""): Browser is opened with url: ''

24-01-2024T16:09:32 - [MESSAGE][INFO] - Starting 'Chrome' driver

24-01-2024T16:09:32 - [MESSAGE][INFO] - Action delay is set to 0 milliseconds

24-01-2024T16:09:33 - [MESSAGE][PASSED] - Browser is opened with url: ''

24-01-2024T16:09:33 - [TEST_STEP][PASSED] - navigateToUrl("https://katalon-demo-cura.herokuapp.com/"): Navigate to 'https://katalon-demo-cura.herokuapp.com/' successfully

24-01-2024T16:09:38 - [MESSAGE][PASSED] - Navigate to 'https://katalon-demo-cura.herokuapp.com/' successfully

24-01-2024T16:09:38 - [TEST_STEP][PASSED] - click(findTestObject("Object Repository/Page_CURA Healthcare Service/a_Make Appointment")): Object: 'Object Repository/Page_CURA Healthcare Service/a_Make Appointment' is clicked on

24-01-2024T16:09:39 - [MESSAGE][PASSED] - Object: 'Object Repository/Page_CURA Healthcare Service/a_Make Appointment' is clicked on

24-01-2024T16:09:39 - [TEST_STEP][PASSED] - setText(findTestObject("Object Repository/Page_CURA Healthcare Service/input_username"), Username): Text 'Aina' is set on object 'Object Repository/Page_CURA Healthcare Service/input_username'

24-01-2024T16:09:40 - [MESSAGE][PASSED] - Text 'Aina' is set on object 'Object Repository/Page_CURA Healthcare Service/input_username'

24-01-2024T16:09:40 - [TEST_STEP][PASSED] - setText(findTestObject("Object Repository/Page_CURA Healthcare Service/input_password"), Password): Text 'ThisIsAPassword' is set on object 'Object Repository/Page_CURA Healthcare Service/input_password'

24-01-2024T16:09:40 - [MESSAGE][PASSED] - Text 'ThisIsAPassword' is set on object 'Object Repository/Page_CURA Healthcare Service/input_password'

24-01-2024T16:09:40 - [TEST_STEP][PASSED] - click(findTestObject("Object Repository/Page_CURA Healthcare Service/button_Login")): Object: 'Object Repository/Page_CURA Healthcare Service/button_Login' is clicked on

24-01-2024T16:09:43 - [MESSAGE][PASSED] - Object: 'Object Repository/Page_CURA Healthcare Service/button_Login' is clicked on

24-01-2024T16:09:43 - [TEST_STEP][PASSED] - verifyElementText(findTestObject("Object Repository/Page_CURA Healthcare Service/p_Login failed Please ensure the username a_eb55b5"), "Login failed! Please ensure the username and password are valid."): Actual text and expected text of test object 'Object Repository/Page_CURA Healthcare Service/p_Login failed Please ensure the username a_eb55b5' are matched.

24-01-2024T16:09:43 - [MESSAGE][PASSED] - Actual text and expected text of test object 'Object Repository/Page_CURA Healthcare Service/p_Login failed Please ensure the username a_eb55b5' are matched.

24-01-2024T16:09:43 - [TEST_STEP][PASSED] - closeBrowser(): Browser is closed

24-01-2024T16:09:44 - [MESSAGE][PASSED] - Browser is closed]]></system-out>
         <system-err><![CDATA[]]></system-err>
      </testcase>
      <testcase name="Test Cases/Web Testing/Login Failed" time="17.187" classname="Test Cases/Web Testing/Login Failed" status="PASSED">
         <system-out><![CDATA[24-01-2024T16:09:44 - [TEST_CASE][PASSED] - Test Cases/Web Testing/Login Failed: Test Cases/Web Testing/Login Failed

24-01-2024T16:09:44 - [TEST_STEP][PASSED] - openBrowser(""): Browser is opened with url: ''

24-01-2024T16:09:44 - [MESSAGE][INFO] - Starting 'Chrome' driver

24-01-2024T16:09:44 - [MESSAGE][INFO] - Action delay is set to 0 milliseconds

24-01-2024T16:09:44 - [MESSAGE][PASSED] - Browser is opened with url: ''

24-01-2024T16:09:44 - [TEST_STEP][PASSED] - navigateToUrl("https://katalon-demo-cura.herokuapp.com/"): Navigate to 'https://katalon-demo-cura.herokuapp.com/' successfully

24-01-2024T16:09:56 - [MESSAGE][PASSED] - Navigate to 'https://katalon-demo-cura.herokuapp.com/' successfully

24-01-2024T16:09:56 - [TEST_STEP][PASSED] - click(findTestObject("Object Repository/Page_CURA Healthcare Service/a_Make Appointment")): Object: 'Object Repository/Page_CURA Healthcare Service/a_Make Appointment' is clicked on

24-01-2024T16:09:57 - [MESSAGE][PASSED] - Object: 'Object Repository/Page_CURA Healthcare Service/a_Make Appointment' is clicked on

24-01-2024T16:09:57 - [TEST_STEP][PASSED] - setText(findTestObject("Object Repository/Page_CURA Healthcare Service/input_username"), Username): Text 'Admin' is set on object 'Object Repository/Page_CURA Healthcare Service/input_username'

24-01-2024T16:09:58 - [MESSAGE][PASSED] - Text 'Admin' is set on object 'Object Repository/Page_CURA Healthcare Service/input_username'

24-01-2024T16:09:58 - [TEST_STEP][PASSED] - setText(findTestObject("Object Repository/Page_CURA Healthcare Service/input_password"), Password): Text 'Admin1234' is set on object 'Object Repository/Page_CURA Healthcare Service/input_password'

24-01-2024T16:09:58 - [MESSAGE][PASSED] - Text 'Admin1234' is set on object 'Object Repository/Page_CURA Healthcare Service/input_password'

24-01-2024T16:09:58 - [TEST_STEP][PASSED] - click(findTestObject("Object Repository/Page_CURA Healthcare Service/button_Login")): Object: 'Object Repository/Page_CURA Healthcare Service/button_Login' is clicked on

24-01-2024T16:10:00 - [MESSAGE][PASSED] - Object: 'Object Repository/Page_CURA Healthcare Service/button_Login' is clicked on

24-01-2024T16:10:00 - [TEST_STEP][PASSED] - verifyElementText(findTestObject("Object Repository/Page_CURA Healthcare Service/p_Login failed Please ensure the username a_eb55b5"), "Login failed! Please ensure the username and password are valid."): Actual text and expected text of test object 'Object Repository/Page_CURA Healthcare Service/p_Login failed Please ensure the username a_eb55b5' are matched.

24-01-2024T16:10:01 - [MESSAGE][PASSED] - Actual text and expected text of test object 'Object Repository/Page_CURA Healthcare Service/p_Login failed Please ensure the username a_eb55b5' are matched.

24-01-2024T16:10:01 - [TEST_STEP][PASSED] - closeBrowser(): Browser is closed

24-01-2024T16:10:01 - [MESSAGE][PASSED] - Browser is closed]]></system-out>
         <system-err><![CDATA[]]></system-err>
      </testcase>
      <system-out><![CDATA[24-01-2024T16:09:23 - [TEST_SUITE][PASSED] - Test Suite_Login verification: Test Cases/Web Testing/Login Failed]]></system-out>
      <system-err><![CDATA[]]></system-err>
   </testsuite>
</testsuites>
